0 info it worked if it ends with ok
1 verbose cli [ '/home/sash/v0.10.20/bin/node',
1 verbose cli   '/home/sash/v0.10.20/bin/npm',
1 verbose cli   'publish' ]
2 info using npm@1.3.11
3 info using node@v0.10.20
4 verbose publish [ '.' ]
5 verbose cache add [ '.', null ]
6 verbose cache add name=undefined spec="." args=[".",null]
7 verbose parsed url { protocol: null,
7 verbose parsed url   slashes: null,
7 verbose parsed url   auth: null,
7 verbose parsed url   host: null,
7 verbose parsed url   port: null,
7 verbose parsed url   hostname: null,
7 verbose parsed url   hash: null,
7 verbose parsed url   search: null,
7 verbose parsed url   query: null,
7 verbose parsed url   pathname: '.',
7 verbose parsed url   path: '.',
7 verbose parsed url   href: '.' }
8 silly lockFile 3a52ce78- .
9 verbose lock . /home/sash/.npm/3a52ce78-.lock
10 verbose tar pack [ '/home/sash/tmp/npm-15584-YiAC0qF0/1381077950786-0.874386927112937/tmp.tgz',
10 verbose tar pack   '.' ]
11 verbose tarball /home/sash/tmp/npm-15584-YiAC0qF0/1381077950786-0.874386927112937/tmp.tgz
12 verbose folder .
13 silly lockFile 1f1177db-tar tar://.
14 verbose lock tar://. /home/sash/.npm/1f1177db-tar.lock
15 silly lockFile ecf502c2-950786-0-874386927112937-tmp-tgz tar:///home/sash/tmp/npm-15584-YiAC0qF0/1381077950786-0.874386927112937/tmp.tgz
16 verbose lock tar:///home/sash/tmp/npm-15584-YiAC0qF0/1381077950786-0.874386927112937/tmp.tgz /home/sash/.npm/ecf502c2-950786-0-874386927112937-tmp-tgz.lock
17 silly lockFile 1f1177db-tar tar://.
18 silly lockFile 1f1177db-tar tar://.
19 silly lockFile ecf502c2-950786-0-874386927112937-tmp-tgz tar:///home/sash/tmp/npm-15584-YiAC0qF0/1381077950786-0.874386927112937/tmp.tgz
20 silly lockFile ecf502c2-950786-0-874386927112937-tmp-tgz tar:///home/sash/tmp/npm-15584-YiAC0qF0/1381077950786-0.874386927112937/tmp.tgz
21 verbose tar unpack /home/sash/tmp/npm-15584-YiAC0qF0/1381077950786-0.874386927112937/tmp.tgz
22 silly lockFile 77375e62-950786-0-874386927112937-package tar:///home/sash/tmp/npm-15584-YiAC0qF0/1381077950786-0.874386927112937/package
23 verbose lock tar:///home/sash/tmp/npm-15584-YiAC0qF0/1381077950786-0.874386927112937/package /home/sash/.npm/77375e62-950786-0-874386927112937-package.lock
24 silly lockFile ecf502c2-950786-0-874386927112937-tmp-tgz tar:///home/sash/tmp/npm-15584-YiAC0qF0/1381077950786-0.874386927112937/tmp.tgz
25 verbose lock tar:///home/sash/tmp/npm-15584-YiAC0qF0/1381077950786-0.874386927112937/tmp.tgz /home/sash/.npm/ecf502c2-950786-0-874386927112937-tmp-tgz.lock
26 silly gunzTarPerm modes [ '755', '644' ]
27 silly gunzTarPerm extractEntry package.json
28 silly gunzTarPerm modified mode [ 'package.json', 436, 420 ]
29 silly gunzTarPerm extractEntry .npmignore
30 silly gunzTarPerm modified mode [ '.npmignore', 438, 420 ]
31 silly gunzTarPerm extractEntry index.js
32 silly gunzTarPerm modified mode [ 'index.js', 438, 420 ]
33 silly gunzTarPerm extractEntry Makefile
34 silly gunzTarPerm modified mode [ 'Makefile', 438, 420 ]
35 silly gunzTarPerm extractEntry lib/entry.js
36 silly gunzTarPerm modified mode [ 'lib/entry.js', 438, 420 ]
37 silly gunzTarPerm extractEntry test/index.test.js
38 silly gunzTarPerm modified mode [ 'test/index.test.js', 438, 420 ]
39 silly gunzTarPerm extractEntry test/utils.js
40 silly gunzTarPerm modified mode [ 'test/utils.js', 438, 420 ]
41 silly gunzTarPerm extractEntry test/extracted/.keep
42 silly gunzTarPerm modified mode [ 'test/extracted/.keep', 438, 420 ]
43 silly gunzTarPerm extractEntry test/extracted/hello.txt
44 silly gunzTarPerm modified mode [ 'test/extracted/hello.txt', 438, 420 ]
45 silly gunzTarPerm extractEntry test/extracted/test/test.txt
46 silly gunzTarPerm modified mode [ 'test/extracted/test/test.txt', 438, 420 ]
47 silly gunzTarPerm extractEntry test/files/test.zip
48 silly gunzTarPerm modified mode [ 'test/files/test.zip', 436, 420 ]
49 silly lockFile 77375e62-950786-0-874386927112937-package tar:///home/sash/tmp/npm-15584-YiAC0qF0/1381077950786-0.874386927112937/package
50 silly lockFile 77375e62-950786-0-874386927112937-package tar:///home/sash/tmp/npm-15584-YiAC0qF0/1381077950786-0.874386927112937/package
51 silly lockFile ecf502c2-950786-0-874386927112937-tmp-tgz tar:///home/sash/tmp/npm-15584-YiAC0qF0/1381077950786-0.874386927112937/tmp.tgz
52 silly lockFile ecf502c2-950786-0-874386927112937-tmp-tgz tar:///home/sash/tmp/npm-15584-YiAC0qF0/1381077950786-0.874386927112937/tmp.tgz
53 verbose tar pack [ '/home/sash/.npm/infozip/0.0.1/package.tgz',
53 verbose tar pack   '/home/sash/tmp/npm-15584-YiAC0qF0/1381077950786-0.874386927112937/package' ]
54 verbose tarball /home/sash/.npm/infozip/0.0.1/package.tgz
55 verbose folder /home/sash/tmp/npm-15584-YiAC0qF0/1381077950786-0.874386927112937/package
56 silly lockFile 77375e62-950786-0-874386927112937-package tar:///home/sash/tmp/npm-15584-YiAC0qF0/1381077950786-0.874386927112937/package
57 verbose lock tar:///home/sash/tmp/npm-15584-YiAC0qF0/1381077950786-0.874386927112937/package /home/sash/.npm/77375e62-950786-0-874386927112937-package.lock
58 silly lockFile a3ebb1aa-sh-npm-infozip-0-0-1-package-tgz tar:///home/sash/.npm/infozip/0.0.1/package.tgz
59 verbose lock tar:///home/sash/.npm/infozip/0.0.1/package.tgz /home/sash/.npm/a3ebb1aa-sh-npm-infozip-0-0-1-package-tgz.lock
60 silly lockFile 77375e62-950786-0-874386927112937-package tar:///home/sash/tmp/npm-15584-YiAC0qF0/1381077950786-0.874386927112937/package
61 silly lockFile 77375e62-950786-0-874386927112937-package tar:///home/sash/tmp/npm-15584-YiAC0qF0/1381077950786-0.874386927112937/package
62 silly lockFile a3ebb1aa-sh-npm-infozip-0-0-1-package-tgz tar:///home/sash/.npm/infozip/0.0.1/package.tgz
63 silly lockFile a3ebb1aa-sh-npm-infozip-0-0-1-package-tgz tar:///home/sash/.npm/infozip/0.0.1/package.tgz
64 silly lockFile 8e3f0232-e-sash-npm-infozip-0-0-1-package /home/sash/.npm/infozip/0.0.1/package
65 verbose lock /home/sash/.npm/infozip/0.0.1/package /home/sash/.npm/8e3f0232-e-sash-npm-infozip-0-0-1-package.lock
66 silly lockFile 8e3f0232-e-sash-npm-infozip-0-0-1-package /home/sash/.npm/infozip/0.0.1/package
67 silly lockFile 8e3f0232-e-sash-npm-infozip-0-0-1-package /home/sash/.npm/infozip/0.0.1/package
68 verbose tar unpack /home/sash/.npm/infozip/0.0.1/package.tgz
69 silly lockFile c6a21570-e-sash-npm-infozip-0-0-1-package tar:///home/sash/.npm/infozip/0.0.1/package
70 verbose lock tar:///home/sash/.npm/infozip/0.0.1/package /home/sash/.npm/c6a21570-e-sash-npm-infozip-0-0-1-package.lock
71 silly lockFile a3ebb1aa-sh-npm-infozip-0-0-1-package-tgz tar:///home/sash/.npm/infozip/0.0.1/package.tgz
72 verbose lock tar:///home/sash/.npm/infozip/0.0.1/package.tgz /home/sash/.npm/a3ebb1aa-sh-npm-infozip-0-0-1-package-tgz.lock
73 silly gunzTarPerm modes [ '755', '644' ]
74 silly gunzTarPerm extractEntry package.json
75 silly gunzTarPerm extractEntry .npmignore
76 silly gunzTarPerm extractEntry index.js
77 silly gunzTarPerm extractEntry Makefile
78 silly gunzTarPerm extractEntry lib/entry.js
79 silly gunzTarPerm extractEntry test/index.test.js
80 silly gunzTarPerm extractEntry test/utils.js
81 silly gunzTarPerm extractEntry test/extracted/.keep
82 silly gunzTarPerm extractEntry test/extracted/hello.txt
83 silly gunzTarPerm extractEntry test/extracted/test/test.txt
84 silly gunzTarPerm extractEntry test/files/test.zip
85 silly lockFile c6a21570-e-sash-npm-infozip-0-0-1-package tar:///home/sash/.npm/infozip/0.0.1/package
86 silly lockFile c6a21570-e-sash-npm-infozip-0-0-1-package tar:///home/sash/.npm/infozip/0.0.1/package
87 silly lockFile a3ebb1aa-sh-npm-infozip-0-0-1-package-tgz tar:///home/sash/.npm/infozip/0.0.1/package.tgz
88 silly lockFile a3ebb1aa-sh-npm-infozip-0-0-1-package-tgz tar:///home/sash/.npm/infozip/0.0.1/package.tgz
89 verbose chmod /home/sash/.npm/infozip/0.0.1/package.tgz 644
90 verbose chown /home/sash/.npm/infozip/0.0.1/package.tgz [ 1000, 1000 ]
91 silly lockFile 3a52ce78- .
92 silly lockFile 3a52ce78- .
93 silly publish { name: 'infozip',
93 silly publish   version: '0.0.1',
93 silly publish   description: 'Wrapper for the `unzip` and `zip` binaries',
93 silly publish   main: 'index.js',
93 silly publish   scripts: { test: 'make test' },
93 silly publish   repository: { type: 'git', url: 'git://github.com/saschagehlich/infozip' },
93 silly publish   keywords:
93 silly publish    [ 'zip',
93 silly publish      'unzip',
93 silly publish      'linux',
93 silly publish      'unix',
93 silly publish      'wrapper',
93 silly publish      'compress',
93 silly publish      'decompress' ],
93 silly publish   author: { name: 'Sascha Gehlich', email: 'sascha@gehlich.us' },
93 silly publish   license: 'MIT',
93 silly publish   bugs: { url: 'https://github.com/saschagehlich/infozip/issues' },
93 silly publish   devDependencies: { should: '~1.3.0', mocha: '~1.13.0' },
93 silly publish   directories: { test: 'test' },
93 silly publish   dependencies: { should: '~1.3.0' },
93 silly publish   readme: 'ERROR: No README data found!',
93 silly publish   _id: 'infozip@0.0.1',
93 silly publish   dist: { shasum: '8a9a33d0d3149e9fed0438868f45eb7bc8162bfd' },
93 silly publish   _from: '.' }
94 error need auth auth and email required for publishing
94 error need auth You need to authorize this machine using `npm adduser`
95 error System Linux 3.8.0-19-generic
96 error command "/home/sash/v0.10.20/bin/node" "/home/sash/v0.10.20/bin/npm" "publish"
97 error cwd /home/sash/development/node/infozip
98 error node -v v0.10.20
99 error npm -v 1.3.11
100 error code ENEEDAUTH
101 verbose exit [ 1, true ]
